2015-11-18 7:02:52 - PHP Notice:  Trying to get property of non-object in C:\wamp\www\mycncart\catalog\model\catalog\product.php on line 21
2015-11-18 7:02:52 - PHP Notice:  Trying to get property of non-object in C:\wamp\www\mycncart\catalog\model\catalog\product.php on line 21
2015-11-18 7:02:52 - PHP Notice:  Trying to get property of non-object in C:\wamp\www\mycncart\catalog\model\catalog\product.php on line 21
2015-11-18 7:02:52 - PHP Notice:  Trying to get property of non-object in C:\wamp\www\mycncart\catalog\model\catalog\product.php on line 21
2015-11-18 7:03:32 - PHP Notice:  Trying to get property of non-object in C:\wamp\www\mycncart\catalog\model\catalog\product.php on line 21
2015-11-18 7:03:32 - PHP Notice:  Trying to get property of non-object in C:\wamp\www\mycncart\catalog\model\catalog\product.php on line 21
2015-11-18 7:03:32 - PHP Notice:  Trying to get property of non-object in C:\wamp\www\mycncart\catalog\model\catalog\product.php on line 21
2015-11-18 7:03:32 - PHP Notice:  Trying to get property of non-object in C:\wamp\www\mycncart\catalog\model\catalog\product.php on line 21
2015-11-18 7:04:16 - PHP Notice:  Undefined index: firstname in C:\wamp\www\mycncart\admin\controller\common\profile.php on line 13
2015-11-18 7:04:16 - PHP Notice:  Undefined index: lastname in C:\wamp\www\mycncart\admin\controller\common\profile.php on line 14
2015-11-18 7:04:50 - PHP Notice:  Undefined variable: firstname in C:\wamp\www\mycncart\admin\view\template\common\profile.tpl on line 10
2015-11-18 7:04:50 - PHP Notice:  Undefined variable: lastname in C:\wamp\www\mycncart\admin\view\template\common\profile.tpl on line 10
2015-11-18 7:06:42 - PHP Notice:  Undefined variable: text_google in C:\wamp\www\mycncart\admin\view\template\setting\setting.tpl on line 143
2015-11-18 7:06:42 - PHP Notice:  Undefined variable: config_google_analytics in C:\wamp\www\mycncart\admin\view\template\setting\setting.tpl on line 1600
2015-11-18 7:06:42 - PHP Notice:  Undefined variable: config_google_analytics_status in C:\wamp\www\mycncart\admin\view\template\setting\setting.tpl on line 1607
2015-11-18 7:07:45 - PHP Notice:  Undefined variable: text_google in C:\wamp\www\mycncart\admin\view\template\setting\setting.tpl on line 143
2015-11-18 7:07:45 - PHP Notice:  Undefined variable: config_google_analytics in C:\wamp\www\mycncart\admin\view\template\setting\setting.tpl on line 1600
2015-11-18 7:07:45 - PHP Notice:  Undefined variable: config_google_analytics_status in C:\wamp\www\mycncart\admin\view\template\setting\setting.tpl on line 1607
2015-11-18 7:08:30 - PHP Notice:  Undefined variable: text_google in C:\wamp\www\mycncart\admin\view\template\setting\setting.tpl on line 143
2015-11-18 7:08:30 - PHP Notice:  Undefined variable: config_google_analytics in C:\wamp\www\mycncart\admin\view\template\setting\setting.tpl on line 1600
2015-11-18 7:08:30 - PHP Notice:  Undefined variable: config_google_analytics_status in C:\wamp\www\mycncart\admin\view\template\setting\setting.tpl on line 1607
2015-11-18 7:11:49 - PHP Notice:  Undefined variable: config_google_analytics in C:\wamp\www\mycncart\admin\view\template\setting\setting.tpl on line 1600
2015-11-18 7:11:49 - PHP Notice:  Undefined variable: config_google_analytics_status in C:\wamp\www\mycncart\admin\view\template\setting\setting.tpl on line 1607
2015-11-18 7:13:37 - PHP Notice:  Undefined variable: config_google_analytics in C:\wamp\www\mycncart\admin\view\template\setting\setting.tpl on line 1600
2015-11-18 7:13:37 - PHP Notice:  Undefined variable: config_google_analytics_status in C:\wamp\www\mycncart\admin\view\template\setting\setting.tpl on line 1607
2015-11-18 7:36:26 - PHP Notice:  Trying to get property of non-object in C:\wamp\www\mycncart\catalog\model\catalog\product.php on line 21
2015-11-18 7:36:26 - PHP Notice:  Trying to get property of non-object in C:\wamp\www\mycncart\catalog\model\catalog\product.php on line 21
2015-11-18 7:36:26 - PHP Notice:  Trying to get property of non-object in C:\wamp\www\mycncart\catalog\model\catalog\product.php on line 21
2015-11-18 7:36:26 - PHP Notice:  Trying to get property of non-object in C:\wamp\www\mycncart\catalog\model\catalog\product.php on line 21
2015-11-18 7:36:29 - PHP Notice:  Trying to get property of non-object in C:\wamp\www\mycncart\catalog\model\catalog\product.php on line 21
2015-11-18 7:36:29 - PHP Notice:  Trying to get property of non-object in C:\wamp\www\mycncart\catalog\model\catalog\product.php on line 21
2015-11-18 7:36:29 - PHP Notice:  Trying to get property of non-object in C:\wamp\www\mycncart\catalog\model\catalog\product.php on line 21
2015-11-18 7:36:29 - PHP Notice:  Trying to get property of non-object in C:\wamp\www\mycncart\catalog\model\catalog\product.php on line 21
2015-11-18 7:36:30 - PHP Notice:  Trying to get property of non-object in C:\wamp\www\mycncart\catalog\model\catalog\product.php on line 21
2015-11-18 7:36:30 - PHP Notice:  Trying to get property of non-object in C:\wamp\www\mycncart\catalog\model\catalog\product.php on line 21
2015-11-18 7:36:30 - PHP Notice:  Trying to get property of non-object in C:\wamp\www\mycncart\catalog\model\catalog\product.php on line 21
2015-11-18 7:36:30 - PHP Notice:  Trying to get property of non-object in C:\wamp\www\mycncart\catalog\model\catalog\product.php on line 21
2015-11-18 7:36:31 - PHP Notice:  Trying to get property of non-object in C:\wamp\www\mycncart\catalog\model\catalog\product.php on line 21
2015-11-18 7:36:31 - PHP Notice:  Trying to get property of non-object in C:\wamp\www\mycncart\catalog\model\catalog\product.php on line 21
2015-11-18 7:36:31 - PHP Notice:  Trying to get property of non-object in C:\wamp\www\mycncart\catalog\model\catalog\product.php on line 21
2015-11-18 7:36:31 - PHP Notice:  Trying to get property of non-object in C:\wamp\www\mycncart\catalog\model\catalog\product.php on line 21
2015-11-18 7:36:31 - PHP Notice:  Trying to get property of non-object in C:\wamp\www\mycncart\catalog\model\catalog\product.php on line 21
2015-11-18 7:36:31 - PHP Notice:  Trying to get property of non-object in C:\wamp\www\mycncart\catalog\model\catalog\product.php on line 21
2015-11-18 7:36:31 - PHP Notice:  Trying to get property of non-object in C:\wamp\www\mycncart\catalog\model\catalog\product.php on line 21
2015-11-18 7:36:31 - PHP Notice:  Trying to get property of non-object in C:\wamp\www\mycncart\catalog\model\catalog\product.php on line 21
2015-11-18 7:47:39 - PHP Notice:  Trying to get property of non-object in C:\wamp\www\mycncart\catalog\model\catalog\product.php on line 21
2015-11-18 7:47:39 - PHP Notice:  Trying to get property of non-object in C:\wamp\www\mycncart\catalog\model\catalog\product.php on line 21
2015-11-18 7:47:39 - PHP Notice:  Trying to get property of non-object in C:\wamp\www\mycncart\catalog\model\catalog\product.php on line 21
2015-11-18 7:47:39 - PHP Notice:  Trying to get property of non-object in C:\wamp\www\mycncart\catalog\model\catalog\product.php on line 21
2015-11-18 7:49:21 - PHP Notice:  Trying to get property of non-object in C:\wamp\www\mycncart\catalog\model\catalog\product.php on line 21
2015-11-18 7:49:21 - PHP Notice:  Trying to get property of non-object in C:\wamp\www\mycncart\catalog\model\catalog\product.php on line 21
2015-11-18 7:49:21 - PHP Notice:  Trying to get property of non-object in C:\wamp\www\mycncart\catalog\model\catalog\product.php on line 21
2015-11-18 7:49:21 - PHP Notice:  Trying to get property of non-object in C:\wamp\www\mycncart\catalog\model\catalog\product.php on line 21
2015-11-18 7:49:49 - PHP Notice:  Trying to get property of non-object in C:\wamp\www\mycncart\catalog\model\catalog\product.php on line 21
2015-11-18 7:50:58 - PHP Notice:  Trying to get property of non-object in C:\wamp\www\mycncart\catalog\model\catalog\product.php on line 21
2015-11-18 7:50:58 - PHP Notice:  Trying to get property of non-object in C:\wamp\www\mycncart\catalog\model\catalog\product.php on line 21
2015-11-18 7:55:47 - PHP Notice:  Trying to get property of non-object in C:\wamp\www\mycncart\catalog\model\catalog\product.php on line 21
2015-11-18 7:55:48 - PHP Notice:  Trying to get property of non-object in C:\wamp\www\mycncart\catalog\model\catalog\product.php on line 21
2015-11-18 7:56:38 - PHP Notice:  Trying to get property of non-object in C:\wamp\www\mycncart\catalog\model\catalog\product.php on line 23
2015-11-18 7:56:38 - PHP Notice:  Trying to get property of non-object in C:\wamp\www\mycncart\catalog\model\catalog\product.php on line 24
2015-11-18 7:56:38 - PHP Notice:  Trying to get property of non-object in C:\wamp\www\mycncart\catalog\model\catalog\product.php on line 25
2015-11-18 7:56:38 - PHP Notice:  Trying to get property of non-object in C:\wamp\www\mycncart\catalog\model\catalog\product.php on line 26
2015-11-18 7:56:38 - PHP Notice:  Trying to get property of non-object in C:\wamp\www\mycncart\catalog\model\catalog\product.php on line 27
2015-11-18 7:56:38 - PHP Notice:  Trying to get property of non-object in C:\wamp\www\mycncart\catalog\model\catalog\product.php on line 28
2015-11-18 7:56:38 - PHP Notice:  Trying to get property of non-object in C:\wamp\www\mycncart\catalog\model\catalog\product.php on line 29
2015-11-18 7:56:38 - PHP Notice:  Trying to get property of non-object in C:\wamp\www\mycncart\catalog\model\catalog\product.php on line 30
2015-11-18 7:56:38 - PHP Notice:  Trying to get property of non-object in C:\wamp\www\mycncart\catalog\model\catalog\product.php on line 31
2015-11-18 7:56:38 - PHP Notice:  Trying to get property of non-object in C:\wamp\www\mycncart\catalog\model\catalog\product.php on line 32
2015-11-18 7:56:38 - PHP Notice:  Trying to get property of non-object in C:\wamp\www\mycncart\catalog\model\catalog\product.php on line 33
2015-11-18 7:56:38 - PHP Notice:  Trying to get property of non-object in C:\wamp\www\mycncart\catalog\model\catalog\product.php on line 34
2015-11-18 7:56:38 - PHP Notice:  Trying to get property of non-object in C:\wamp\www\mycncart\catalog\model\catalog\product.php on line 35
2015-11-18 7:56:38 - PHP Notice:  Trying to get property of non-object in C:\wamp\www\mycncart\catalog\model\catalog\product.php on line 36
2015-11-18 7:56:38 - PHP Notice:  Trying to get property of non-object in C:\wamp\www\mycncart\catalog\model\catalog\product.php on line 37
2015-11-18 7:56:38 - PHP Notice:  Trying to get property of non-object in C:\wamp\www\mycncart\catalog\model\catalog\product.php on line 38
2015-11-18 7:56:38 - PHP Notice:  Trying to get property of non-object in C:\wamp\www\mycncart\catalog\model\catalog\product.php on line 39
2015-11-18 7:56:38 - PHP Notice:  Trying to get property of non-object in C:\wamp\www\mycncart\catalog\model\catalog\product.php on line 40
2015-11-18 7:56:38 - PHP Notice:  Trying to get property of non-object in C:\wamp\www\mycncart\catalog\model\catalog\product.php on line 41
2015-11-18 7:56:38 - PHP Notice:  Trying to get property of non-object in C:\wamp\www\mycncart\catalog\model\catalog\product.php on line 42
2015-11-18 7:56:38 - PHP Notice:  Trying to get property of non-object in C:\wamp\www\mycncart\catalog\model\catalog\product.php on line 43
2015-11-18 7:56:38 - PHP Notice:  Trying to get property of non-object in C:\wamp\www\mycncart\catalog\model\catalog\product.php on line 43
2015-11-18 7:56:38 - PHP Notice:  Trying to get property of non-object in C:\wamp\www\mycncart\catalog\model\catalog\product.php on line 44
2015-11-18 7:56:38 - PHP Notice:  Trying to get property of non-object in C:\wamp\www\mycncart\catalog\model\catalog\product.php on line 45
2015-11-18 7:56:38 - PHP Notice:  Trying to get property of non-object in C:\wamp\www\mycncart\catalog\model\catalog\product.php on line 46
2015-11-18 7:56:38 - PHP Notice:  Trying to get property of non-object in C:\wamp\www\mycncart\catalog\model\catalog\product.php on line 47
2015-11-18 7:56:38 - PHP Notice:  Trying to get property of non-object in C:\wamp\www\mycncart\catalog\model\catalog\product.php on line 48
2015-11-18 7:56:38 - PHP Notice:  Trying to get property of non-object in C:\wamp\www\mycncart\catalog\model\catalog\product.php on line 49
2015-11-18 7:56:38 - PHP Notice:  Trying to get property of non-object in C:\wamp\www\mycncart\catalog\model\catalog\product.php on line 50
2015-11-18 7:56:38 - PHP Notice:  Trying to get property of non-object in C:\wamp\www\mycncart\catalog\model\catalog\product.php on line 51
2015-11-18 7:56:38 - PHP Notice:  Trying to get property of non-object in C:\wamp\www\mycncart\catalog\model\catalog\product.php on line 52
2015-11-18 7:56:38 - PHP Notice:  Trying to get property of non-object in C:\wamp\www\mycncart\catalog\model\catalog\product.php on line 53
2015-11-18 7:56:38 - PHP Notice:  Trying to get property of non-object in C:\wamp\www\mycncart\catalog\model\catalog\product.php on line 54
2015-11-18 7:56:38 - PHP Notice:  Trying to get property of non-object in C:\wamp\www\mycncart\catalog\model\catalog\product.php on line 55
2015-11-18 7:56:38 - PHP Notice:  Trying to get property of non-object in C:\wamp\www\mycncart\catalog\model\catalog\product.php on line 56
2015-11-18 7:56:38 - PHP Notice:  Trying to get property of non-object in C:\wamp\www\mycncart\catalog\model\catalog\product.php on line 57
2015-11-18 7:56:38 - PHP Notice:  Trying to get property of non-object in C:\wamp\www\mycncart\catalog\model\catalog\product.php on line 58
2015-11-18 7:56:38 - PHP Notice:  Trying to get property of non-object in C:\wamp\www\mycncart\catalog\model\catalog\product.php on line 59
2015-11-18 7:56:38 - PHP Notice:  Trying to get property of non-object in C:\wamp\www\mycncart\catalog\model\catalog\product.php on line 60
2015-11-18 7:56:38 - PHP Notice:  Trying to get property of non-object in C:\wamp\www\mycncart\catalog\model\catalog\product.php on line 61
2015-11-18 7:56:38 - PHP Notice:  Trying to get property of non-object in C:\wamp\www\mycncart\catalog\model\catalog\product.php on line 62
2015-11-18 7:56:38 - PHP Notice:  Trying to get property of non-object in C:\wamp\www\mycncart\catalog\model\catalog\product.php on line 63
2015-11-18 7:56:38 - PHP Notice:  Trying to get property of non-object in C:\wamp\www\mycncart\catalog\model\catalog\product.php on line 23
2015-11-18 7:56:38 - PHP Notice:  Trying to get property of non-object in C:\wamp\www\mycncart\catalog\model\catalog\product.php on line 24
2015-11-18 7:56:38 - PHP Notice:  Trying to get property of non-object in C:\wamp\www\mycncart\catalog\model\catalog\product.php on line 25
2015-11-18 7:56:38 - PHP Notice:  Trying to get property of non-object in C:\wamp\www\mycncart\catalog\model\catalog\product.php on line 26
2015-11-18 7:56:38 - PHP Notice:  Trying to get property of non-object in C:\wamp\www\mycncart\catalog\model\catalog\product.php on line 27
2015-11-18 7:56:38 - PHP Notice:  Trying to get property of non-object in C:\wamp\www\mycncart\catalog\model\catalog\product.php on line 28
2015-11-18 7:56:38 - PHP Notice:  Trying to get property of non-object in C:\wamp\www\mycncart\catalog\model\catalog\product.php on line 29
2015-11-18 7:56:38 - PHP Notice:  Trying to get property of non-object in C:\wamp\www\mycncart\catalog\model\catalog\product.php on line 30
2015-11-18 7:56:38 - PHP Notice:  Trying to get property of non-object in C:\wamp\www\mycncart\catalog\model\catalog\product.php on line 31
2015-11-18 7:56:38 - PHP Notice:  Trying to get property of non-object in C:\wamp\www\mycncart\catalog\model\catalog\product.php on line 32
2015-11-18 7:56:38 - PHP Notice:  Trying to get property of non-object in C:\wamp\www\mycncart\catalog\model\catalog\product.php on line 33
2015-11-18 7:56:38 - PHP Notice:  Trying to get property of non-object in C:\wamp\www\mycncart\catalog\model\catalog\product.php on line 34
2015-11-18 7:56:38 - PHP Notice:  Trying to get property of non-object in C:\wamp\www\mycncart\catalog\model\catalog\product.php on line 35
2015-11-18 7:56:38 - PHP Notice:  Trying to get property of non-object in C:\wamp\www\mycncart\catalog\model\catalog\product.php on line 36
2015-11-18 7:56:38 - PHP Notice:  Trying to get property of non-object in C:\wamp\www\mycncart\catalog\model\catalog\product.php on line 37
2015-11-18 7:56:38 - PHP Notice:  Trying to get property of non-object in C:\wamp\www\mycncart\catalog\model\catalog\product.php on line 38
2015-11-18 7:56:38 - PHP Notice:  Trying to get property of non-object in C:\wamp\www\mycncart\catalog\model\catalog\product.php on line 39
2015-11-18 7:56:38 - PHP Notice:  Trying to get property of non-object in C:\wamp\www\mycncart\catalog\model\catalog\product.php on line 40
2015-11-18 7:56:38 - PHP Notice:  Trying to get property of non-object in C:\wamp\www\mycncart\catalog\model\catalog\product.php on line 41
2015-11-18 7:56:38 - PHP Notice:  Trying to get property of non-object in C:\wamp\www\mycncart\catalog\model\catalog\product.php on line 42
2015-11-18 7:56:38 - PHP Notice:  Trying to get property of non-object in C:\wamp\www\mycncart\catalog\model\catalog\product.php on line 43
2015-11-18 7:56:38 - PHP Notice:  Trying to get property of non-object in C:\wamp\www\mycncart\catalog\model\catalog\product.php on line 43
2015-11-18 7:56:38 - PHP Notice:  Trying to get property of non-object in C:\wamp\www\mycncart\catalog\model\catalog\product.php on line 44
2015-11-18 7:56:38 - PHP Notice:  Trying to get property of non-object in C:\wamp\www\mycncart\catalog\model\catalog\product.php on line 45
2015-11-18 7:56:38 - PHP Notice:  Trying to get property of non-object in C:\wamp\www\mycncart\catalog\model\catalog\product.php on line 46
2015-11-18 7:56:38 - PHP Notice:  Trying to get property of non-object in C:\wamp\www\mycncart\catalog\model\catalog\product.php on line 47
2015-11-18 7:56:38 - PHP Notice:  Trying to get property of non-object in C:\wamp\www\mycncart\catalog\model\catalog\product.php on line 48
2015-11-18 7:56:38 - PHP Notice:  Trying to get property of non-object in C:\wamp\www\mycncart\catalog\model\catalog\product.php on line 49
2015-11-18 7:56:38 - PHP Notice:  Trying to get property of non-object in C:\wamp\www\mycncart\catalog\model\catalog\product.php on line 50
2015-11-18 7:56:38 - PHP Notice:  Trying to get property of non-object in C:\wamp\www\mycncart\catalog\model\catalog\product.php on line 51
2015-11-18 7:56:38 - PHP Notice:  Trying to get property of non-object in C:\wamp\www\mycncart\catalog\model\catalog\product.php on line 52
2015-11-18 7:56:38 - PHP Notice:  Trying to get property of non-object in C:\wamp\www\mycncart\catalog\model\catalog\product.php on line 53
2015-11-18 7:56:38 - PHP Notice:  Trying to get property of non-object in C:\wamp\www\mycncart\catalog\model\catalog\product.php on line 54
2015-11-18 7:56:38 - PHP Notice:  Trying to get property of non-object in C:\wamp\www\mycncart\catalog\model\catalog\product.php on line 55
2015-11-18 7:56:38 - PHP Notice:  Trying to get property of non-object in C:\wamp\www\mycncart\catalog\model\catalog\product.php on line 56
2015-11-18 7:56:38 - PHP Notice:  Trying to get property of non-object in C:\wamp\www\mycncart\catalog\model\catalog\product.php on line 57
2015-11-18 7:56:38 - PHP Notice:  Trying to get property of non-object in C:\wamp\www\mycncart\catalog\model\catalog\product.php on line 58
2015-11-18 7:56:38 - PHP Notice:  Trying to get property of non-object in C:\wamp\www\mycncart\catalog\model\catalog\product.php on line 59
2015-11-18 7:56:38 - PHP Notice:  Trying to get property of non-object in C:\wamp\www\mycncart\catalog\model\catalog\product.php on line 60
2015-11-18 7:56:38 - PHP Notice:  Trying to get property of non-object in C:\wamp\www\mycncart\catalog\model\catalog\product.php on line 61
2015-11-18 7:56:38 - PHP Notice:  Trying to get property of non-object in C:\wamp\www\mycncart\catalog\model\catalog\product.php on line 62
2015-11-18 7:56:38 - PHP Notice:  Trying to get property of non-object in C:\wamp\www\mycncart\catalog\model\catalog\product.php on line 63
2015-11-18 8:04:35 - PHP Notice:  Undefined variable: entry_captcha in C:\wamp\www\mycncart\catalog\view\theme\default\template\information\contact.tpl on line 138
2015-11-18 8:04:35 - PHP Notice:  Undefined variable: error_captcha in C:\wamp\www\mycncart\catalog\view\theme\default\template\information\contact.tpl on line 146
2015-11-18 8:12:11 - PHP Notice:  Undefined variable: entry_captcha in C:\wamp\www\mycncart\catalog\view\theme\default\template\information\contact.tpl on line 138
2015-11-18 8:12:11 - PHP Notice:  Undefined variable: error_captcha in C:\wamp\www\mycncart\catalog\view\theme\default\template\information\contact.tpl on line 146
2015-11-18 8:14:26 - PHP Notice:  Undefined variable: entry_captcha in C:\wamp\www\mycncart\catalog\view\theme\default\template\information\contact.tpl on line 138
2015-11-18 8:14:26 - PHP Notice:  Undefined variable: error_captcha in C:\wamp\www\mycncart\catalog\view\theme\default\template\information\contact.tpl on line 146
2015-11-18 8:30:51 - PHP Notice:  Error: Column 'name' in order clause is ambiguous<br />Error No: 1052<br />SELECT *, c.fullname AS name, cgd.name AS customer_group FROM mcc_customer c LEFT JOIN mcc_customer_group_description cgd ON (c.customer_group_id = cgd.customer_group_id) WHERE cgd.language_id = '1' ORDER BY name ASC LIMIT 0,5 in C:\wamp\www\mycncart\system\library\db\mysqli.php on line 41
2015-11-18 8:30:51 - PHP Notice:  Trying to get property of non-object in C:\wamp\www\mycncart\admin\model\customer\customer.php on line 152
2015-11-18 8:30:51 - PHP Warning:  Invalid argument supplied for foreach() in C:\wamp\www\mycncart\admin\controller\customer\customer.php on line 1463
2015-11-18 8:30:53 - PHP Notice:  Error: Column 'name' in order clause is ambiguous<br />Error No: 1052<br />SELECT *, c.fullname AS name, cgd.name AS customer_group FROM mcc_customer c LEFT JOIN mcc_customer_group_description cgd ON (c.customer_group_id = cgd.customer_group_id) WHERE cgd.language_id = '1' ORDER BY name ASC LIMIT 0,5 in C:\wamp\www\mycncart\system\library\db\mysqli.php on line 41
2015-11-18 8:30:53 - PHP Notice:  Trying to get property of non-object in C:\wamp\www\mycncart\admin\model\customer\customer.php on line 152
2015-11-18 8:30:53 - PHP Warning:  Invalid argument supplied for foreach() in C:\wamp\www\mycncart\admin\controller\customer\customer.php on line 1463
2015-11-18 8:30:59 - PHP Notice:  Error: Column 'name' in order clause is ambiguous<br />Error No: 1052<br />SELECT *, c.fullname AS name, cgd.name AS customer_group FROM mcc_customer c LEFT JOIN mcc_customer_group_description cgd ON (c.customer_group_id = cgd.customer_group_id) WHERE cgd.language_id = '1' AND c.fullname LIKE '%te%' ORDER BY name ASC LIMIT 0,5 in C:\wamp\www\mycncart\system\library\db\mysqli.php on line 41
2015-11-18 8:30:59 - PHP Notice:  Trying to get property of non-object in C:\wamp\www\mycncart\admin\model\customer\customer.php on line 152
2015-11-18 8:30:59 - PHP Warning:  Invalid argument supplied for foreach() in C:\wamp\www\mycncart\admin\controller\customer\customer.php on line 1463
2015-11-18 8:31:00 - PHP Notice:  Error: Column 'name' in order clause is ambiguous<br />Error No: 1052<br />SELECT *, c.fullname AS name, cgd.name AS customer_group FROM mcc_customer c LEFT JOIN mcc_customer_group_description cgd ON (c.customer_group_id = cgd.customer_group_id) WHERE cgd.language_id = '1' AND c.fullname LIKE '%testone%' ORDER BY name ASC LIMIT 0,5 in C:\wamp\www\mycncart\system\library\db\mysqli.php on line 41
2015-11-18 8:31:00 - PHP Notice:  Trying to get property of non-object in C:\wamp\www\mycncart\admin\model\customer\customer.php on line 152
2015-11-18 8:31:00 - PHP Warning:  Invalid argument supplied for foreach() in C:\wamp\www\mycncart\admin\controller\customer\customer.php on line 1463
2015-11-18 8:37:39 - PHP Notice:  Undefined variable: totals in C:\wamp\www\mycncart\catalog\view\theme\default\template\mail\order.tpl on line 106
2015-11-18 8:37:39 - PHP Warning:  Invalid argument supplied for foreach() in C:\wamp\www\mycncart\catalog\view\theme\default\template\mail\order.tpl on line 106
2015-11-18 8:37:40 - PHP Warning:  mail(): Failed to connect to mailserver at &quot;localhost&quot; port 25, verify your &quot;SMTP&quot; and &quot;smtp_port&quot; setting in php.ini or use ini_set() in C:\wamp\www\mycncart\system\library\mail.php on line 164
2015-11-18 9:33:10 - PHP Notice:  Undefined variable: totals in C:\wamp\www\mycncart\catalog\view\theme\default\template\mail\order.tpl on line 106
2015-11-18 9:33:10 - PHP Warning:  Invalid argument supplied for foreach() in C:\wamp\www\mycncart\catalog\view\theme\default\template\mail\order.tpl on line 106
2015-11-18 9:33:11 - PHP Warning:  mail(): Failed to connect to mailserver at &quot;localhost&quot; port 25, verify your &quot;SMTP&quot; and &quot;smtp_port&quot; setting in php.ini or use ini_set() in C:\wamp\www\mycncart\system\library\mail.php on line 164
2015-11-18 9:36:55 - PHP Notice:  Undefined index: shipping_telephone in C:\wamp\www\mycncart\catalog\model\checkout\order.php on line 57
2015-11-18 9:36:55 - PHP Notice:  Undefined variable: totals in C:\wamp\www\mycncart\catalog\view\theme\default\template\mail\order.tpl on line 106
2015-11-18 9:36:55 - PHP Warning:  Invalid argument supplied for foreach() in C:\wamp\www\mycncart\catalog\view\theme\default\template\mail\order.tpl on line 106
2015-11-18 9:36:56 - PHP Warning:  mail(): Failed to connect to mailserver at &quot;localhost&quot; port 25, verify your &quot;SMTP&quot; and &quot;smtp_port&quot; setting in php.ini or use ini_set() in C:\wamp\www\mycncart\system\library\mail.php on line 164
2015-11-18 9:41:30 - PHP Notice:  Undefined index: shipping_telephone in C:\wamp\www\mycncart\catalog\model\checkout\order.php on line 57
2015-11-18 9:41:30 - PHP Notice:  Undefined variable: totals in C:\wamp\www\mycncart\catalog\view\theme\default\template\mail\order.tpl on line 106
2015-11-18 9:41:30 - PHP Warning:  Invalid argument supplied for foreach() in C:\wamp\www\mycncart\catalog\view\theme\default\template\mail\order.tpl on line 106
2015-11-18 9:41:31 - PHP Warning:  mail(): Failed to connect to mailserver at &quot;localhost&quot; port 25, verify your &quot;SMTP&quot; and &quot;smtp_port&quot; setting in php.ini or use ini_set() in C:\wamp\www\mycncart\system\library\mail.php on line 164
2015-11-18 9:44:29 - PHP Notice:  Undefined variable: totals in C:\wamp\www\mycncart\catalog\view\theme\default\template\mail\order.tpl on line 106
2015-11-18 9:44:29 - PHP Warning:  Invalid argument supplied for foreach() in C:\wamp\www\mycncart\catalog\view\theme\default\template\mail\order.tpl on line 106
2015-11-18 9:44:30 - PHP Warning:  mail(): Failed to connect to mailserver at &quot;localhost&quot; port 25, verify your &quot;SMTP&quot; and &quot;smtp_port&quot; setting in php.ini or use ini_set() in C:\wamp\www\mycncart\system\library\mail.php on line 164
2015-11-18 9:51:49 - PHP Notice:  Error: Column 'name' in order clause is ambiguous<br />Error No: 1052<br />SELECT *, c.fullname AS name, cgd.name AS customer_group FROM mcc_customer c LEFT JOIN mcc_customer_group_description cgd ON (c.customer_group_id = cgd.customer_group_id) WHERE cgd.language_id = '1' ORDER BY name ASC LIMIT 0,20 in C:\wamp\www\mycncart\system\library\db\mysqli.php on line 41
2015-11-18 9:51:49 - PHP Notice:  Trying to get property of non-object in C:\wamp\www\mycncart\admin\model\customer\customer.php on line 152
2015-11-18 9:51:49 - PHP Warning:  Invalid argument supplied for foreach() in C:\wamp\www\mycncart\admin\controller\customer\customer.php on line 463
2015-11-18 10:06:10 - PHP Warning:  mail(): Failed to connect to mailserver at &quot;localhost&quot; port 25, verify your &quot;SMTP&quot; and &quot;smtp_port&quot; setting in php.ini or use ini_set() in C:\wamp\www\mycncart\system\library\mail.php on line 164
2015-11-18 10:10:48 - PHP Notice:  Undefined variable: totals in C:\wamp\www\mycncart\catalog\view\theme\default\template\mail\order.tpl on line 106
2015-11-18 10:10:48 - PHP Warning:  Invalid argument supplied for foreach() in C:\wamp\www\mycncart\catalog\view\theme\default\template\mail\order.tpl on line 106
2015-11-18 10:10:49 - PHP Warning:  mail(): Failed to connect to mailserver at &quot;localhost&quot; port 25, verify your &quot;SMTP&quot; and &quot;smtp_port&quot; setting in php.ini or use ini_set() in C:\wamp\www\mycncart\system\library\mail.php on line 164
2015-11-18 10:19:05 - PHP Warning:  mail(): Failed to connect to mailserver at &quot;localhost&quot; port 25, verify your &quot;SMTP&quot; and &quot;smtp_port&quot; setting in php.ini or use ini_set() in C:\wamp\www\mycncart\system\library\mail.php on line 164
2015-11-18 10:38:38 - PHP Warning:  mail(): Failed to connect to mailserver at &quot;localhost&quot; port 25, verify your &quot;SMTP&quot; and &quot;smtp_port&quot; setting in php.ini or use ini_set() in C:\wamp\www\mycncart\system\library\mail.php on line 164
2015-11-18 10:38:53 - PHP Warning:  mail(): Failed to connect to mailserver at &quot;localhost&quot; port 25, verify your &quot;SMTP&quot; and &quot;smtp_port&quot; setting in php.ini or use ini_set() in C:\wamp\www\mycncart\system\library\mail.php on line 164
2015-11-18 10:39:41 - PHP Notice:  unserialize(): Error at offset 0 of 62 bytes in C:\wamp\www\mycncart\admin\controller\dashboard\activity.php on line 19
2015-11-18 10:39:41 - PHP Warning:  vsprintf(): Too few arguments in C:\wamp\www\mycncart\admin\controller\dashboard\activity.php on line 19
2015-11-18 10:39:41 - PHP Notice:  unserialize(): Error at offset 0 of 46 bytes in C:\wamp\www\mycncart\admin\controller\dashboard\activity.php on line 19
2015-11-18 10:39:41 - PHP Warning:  vsprintf(): Too few arguments in C:\wamp\www\mycncart\admin\controller\dashboard\activity.php on line 19
2015-11-18 10:39:41 - PHP Notice:  unserialize(): Error at offset 0 of 51 bytes in C:\wamp\www\mycncart\admin\controller\dashboard\activity.php on line 19
2015-11-18 10:39:41 - PHP Warning:  vsprintf(): Too few arguments in C:\wamp\www\mycncart\admin\controller\dashboard\activity.php on line 19
2015-11-18 10:39:41 - PHP Notice:  unserialize(): Error at offset 0 of 51 bytes in C:\wamp\www\mycncart\admin\controller\dashboard\activity.php on line 19
2015-11-18 10:39:41 - PHP Warning:  vsprintf(): Too few arguments in C:\wamp\www\mycncart\admin\controller\dashboard\activity.php on line 19
2015-11-18 10:39:41 - PHP Notice:  unserialize(): Error at offset 0 of 37 bytes in C:\wamp\www\mycncart\admin\controller\dashboard\activity.php on line 19
2015-11-18 10:39:41 - PHP Warning:  vsprintf(): Too few arguments in C:\wamp\www\mycncart\admin\controller\dashboard\activity.php on line 19
2015-12-27 22:52:46 - PHP Notice:  Undefined variable: class in /alidata/www/spe/catalog/view/theme/unify/template/common/home.tpl on line 32
2015-12-27 22:54:12 - PHP Notice:  Undefined variable: class in /alidata/www/spe/catalog/view/theme/unify/template/common/home.tpl on line 32
2015-12-27 22:54:47 - PHP Notice:  Undefined variable: class in /alidata/www/spe/catalog/view/theme/unify/template/common/home.tpl on line 32
2015-12-27 22:56:53 - PHP Notice:  Undefined index: sort_order in /alidata/www/spe/admin/controller/design/banner.php on line 386
2015-12-27 22:56:57 - PHP Notice:  Undefined variable: class in /alidata/www/spe/catalog/view/theme/unify/template/common/home.tpl on line 32
2015-12-27 22:57:49 - PHP Notice:  Undefined variable: class in /alidata/www/spe/catalog/view/theme/unify/template/common/home.tpl on line 32
2015-12-27 22:57:59 - PHP Notice:  Undefined variable: class in /alidata/www/spe/catalog/view/theme/unify/template/common/home.tpl on line 32
2015-12-27 22:59:43 - PHP Notice:  Undefined variable: class in /alidata/www/spe/catalog/view/theme/unify/template/common/home.tpl on line 32
2015-12-27 23:00:47 - PHP Notice:  Undefined variable: class in /alidata/www/spe/catalog/view/theme/unify/template/common/home.tpl on line 32
2015-12-27 23:01:03 - PHP Notice:  Undefined variable: class in /alidata/www/spe/catalog/view/theme/unify/template/common/home.tpl on line 32
2015-12-27 23:01:51 - PHP Notice:  Undefined variable: class in /alidata/www/spe/catalog/view/theme/unify/template/common/home.tpl on line 32
2015-12-27 23:10:41 - PHP Notice:  Undefined variable: class in /alidata/www/spe/catalog/view/theme/unify/template/common/home.tpl on line 32
2015-12-27 23:17:20 - PHP Notice:  Undefined variable: class in /alidata/www/spe/catalog/view/theme/unify/template/common/home.tpl on line 32
2015-12-27 23:20:16 - PHP Notice:  Undefined variable: class in /alidata/www/spe/catalog/view/theme/unify/template/common/home.tpl on line 32
2015-12-27 23:36:11 - PHP Notice:  Undefined variable: class in /alidata/www/spe/catalog/view/theme/unify/template/common/home.tpl on line 32
2015-12-27 23:43:37 - PHP Warning:  imagecreatefrompng(): gd-png:  fatal libpng error: Read Error: truncated data in /alidata/www/spe/system/library/image.php on line 24
2015-12-27 23:43:37 - PHP Warning:  imagecreatefrompng(): gd-png error: setjmp returns error condition in /alidata/www/spe/system/library/image.php on line 24
2015-12-27 23:43:37 - PHP Warning:  imagecreatefrompng(): '/alidata/www/spe/image/catalog/white/DSC_1355.png' is not a valid PNG file in /alidata/www/spe/system/library/image.php on line 24
2015-12-27 23:43:37 - PHP Warning:  imagecopyresampled() expects parameter 2 to be resource, boolean given in /alidata/www/spe/system/library/image.php on line 118
2015-12-27 23:43:37 - PHP Warning:  imagedestroy() expects parameter 1 to be resource, boolean given in /alidata/www/spe/system/library/image.php on line 119
2015-12-28 11:56:32 - PHP Notice:  Undefined variable: class in /alidata/www/spe/catalog/view/theme/unify/template/common/home.tpl on line 32
2015-12-28 14:00:06 - PHP Notice:  Undefined variable: class in /alidata/www/spe/catalog/view/theme/unify/template/common/home.tpl on line 32
2015-12-28 14:05:11 - PHP Notice:  Undefined variable: class in /alidata/www/spe/catalog/view/theme/unify/template/common/home.tpl on line 32
2015-12-28 14:08:02 - PHP Notice:  Undefined variable: class in /alidata/www/spe/catalog/view/theme/unify/template/common/home.tpl on line 32
2015-12-28 14:09:46 - PHP Notice:  Undefined index: sort_order in /alidata/www/spe/admin/model/design/banner.php on line 37
2015-12-28 14:09:46 - PHP Notice:  Undefined index: sort_order in /alidata/www/spe/admin/model/design/banner.php on line 37
2015-12-28 14:09:46 - PHP Notice:  Undefined index: sort_order in /alidata/www/spe/admin/model/design/banner.php on line 37
2015-12-28 14:09:50 - PHP Notice:  Undefined variable: class in /alidata/www/spe/catalog/view/theme/unify/template/common/home.tpl on line 32
2015-12-28 14:10:20 - PHP Notice:  Undefined index: sort_order in /alidata/www/spe/admin/controller/design/banner.php on line 386
2015-12-28 14:10:35 - PHP Notice:  Undefined variable: class in /alidata/www/spe/catalog/view/theme/unify/template/common/home.tpl on line 32
2015-12-28 16:13:19 - PHP Notice:  Undefined variable: class in /alidata/www/spe/catalog/view/theme/unify/template/common/home.tpl on line 32
2015-12-28 16:36:12 - PHP Notice:  Undefined variable: class in /alidata/www/spe/catalog/view/theme/unify/template/common/home.tpl on line 32
2015-12-28 16:36:13 - PHP Notice:  Undefined variable: class in /alidata/www/spe/catalog/view/theme/unify/template/common/home.tpl on line 32
2015-12-28 16:36:15 - PHP Notice:  Undefined variable: class in /alidata/www/spe/catalog/view/theme/unify/template/common/home.tpl on line 32
2015-12-28 16:36:15 - PHP Notice:  Undefined variable: class in /alidata/www/spe/catalog/view/theme/unify/template/common/home.tpl on line 32
2015-12-28 16:36:24 - PHP Notice:  Undefined variable: class in /alidata/www/spe/catalog/view/theme/unify/template/common/home.tpl on line 32
2015-12-28 16:36:29 - PHP Notice:  Undefined variable: class in /alidata/www/spe/catalog/view/theme/unify/template/common/home.tpl on line 32
2015-12-28 16:39:06 - PHP Notice:  Undefined variable: class in /alidata/www/spe/catalog/view/theme/unify/template/common/home.tpl on line 32
2015-12-28 16:41:30 - PHP Notice:  Undefined variable: class in /alidata/www/spe/catalog/view/theme/unify/template/common/home.tpl on line 32
2015-12-28 16:41:34 - PHP Notice:  Undefined variable: class in /alidata/www/spe/catalog/view/theme/unify/template/common/home.tpl on line 32
2015-12-28 16:43:14 - PHP Notice:  Undefined variable: class in /alidata/www/spe/catalog/view/theme/unify/template/common/home.tpl on line 32
2015-12-28 16:44:41 - PHP Notice:  Undefined variable: class in /alidata/www/spe/catalog/view/theme/unify/template/common/home.tpl on line 32
2015-12-28 16:50:15 - PHP Notice:  Undefined variable: class in /alidata/www/spe/catalog/view/theme/unify/template/common/home.tpl on line 32
2015-12-28 16:53:32 - PHP Notice:  Undefined variable: class in /alidata/www/spe/catalog/view/theme/unify/template/common/home.tpl on line 32
2015-12-28 16:53:37 - PHP Notice:  Undefined variable: class in /alidata/www/spe/catalog/view/theme/unify/template/common/home.tpl on line 32
2015-12-28 16:55:31 - PHP Notice:  Undefined variable: class in /alidata/www/spe/catalog/view/theme/unify/template/common/home.tpl on line 32
2015-12-28 16:58:03 - PHP Notice:  Undefined variable: class in /alidata/www/spe/catalog/view/theme/unify/template/common/home.tpl on line 32
2015-12-28 17:01:04 - PHP Notice:  Undefined variable: class in /alidata/www/spe/catalog/view/theme/unify/template/common/home.tpl on line 32
2015-12-28 17:03:18 - PHP Notice:  Undefined index: sort_order in /alidata/www/spe/admin/model/design/banner.php on line 37
2015-12-28 17:03:24 - PHP Notice:  Undefined variable: class in /alidata/www/spe/catalog/view/theme/unify/template/common/home.tpl on line 32
2015-12-28 17:06:01 - PHP Notice:  Undefined variable: class in /alidata/www/spe/catalog/view/theme/unify/template/common/home.tpl on line 32
2015-12-28 17:10:56 - PHP Notice:  Undefined variable: class in /alidata/www/spe/catalog/view/theme/unify/template/common/home.tpl on line 32
2015-12-28 17:13:10 - PHP Notice:  Undefined variable: class in /alidata/www/spe/catalog/view/theme/unify/template/common/home.tpl on line 32
2015-12-28 17:15:55 - PHP Notice:  Undefined variable: class in /alidata/www/spe/catalog/view/theme/unify/template/common/home.tpl on line 32
2015-12-28 17:16:31 - PHP Notice:  Undefined variable: class in /alidata/www/spe/catalog/view/theme/unify/template/common/home.tpl on line 32
2015-12-28 17:17:29 - PHP Notice:  Undefined variable: class in /alidata/www/spe/catalog/view/theme/unify/template/common/home.tpl on line 32
2015-12-28 17:20:56 - PHP Notice:  Undefined variable: class in /alidata/www/spe/catalog/view/theme/unify/template/common/home.tpl on line 32
2015-12-28 17:28:49 - PHP Notice:  Undefined variable: class in /alidata/www/spe/catalog/view/theme/unify/template/common/home.tpl on line 32
2015-12-28 17:35:29 - PHP Notice:  Undefined variable: class in /alidata/www/spe/catalog/view/theme/unify/template/common/home.tpl on line 32
2015-12-28 17:36:34 - PHP Notice:  Undefined variable: class in /alidata/www/spe/catalog/view/theme/unify/template/common/home.tpl on line 32
2015-12-29 4:19:57 - PHP Notice:  Undefined variable: class in /alidata/www/spe/catalog/view/theme/unify/template/common/home.tpl on line 32
2015-12-29 9:05:47 - PHP Notice:  Undefined variable: class in /alidata/www/spe/catalog/view/theme/unify/template/common/home.tpl on line 32
2015-12-29 9:05:47 - PHP Notice:  Undefined variable: class in /alidata/www/spe/catalog/view/theme/unify/template/common/home.tpl on line 32
2015-12-29 13:04:01 - PHP Notice:  Undefined variable: class in /alidata/www/spe/catalog/view/theme/unify/template/common/home.tpl on line 32
2015-12-29 21:40:20 - PHP Notice:  Undefined variable: class in /alidata/www/spe/catalog/view/theme/unify/template/common/home.tpl on line 32
2015-12-29 21:40:21 - PHP Notice:  Undefined variable: class in /alidata/www/spe/catalog/view/theme/unify/template/common/home.tpl on line 32
2015-12-29 21:41:39 - PHP Notice:  Undefined variable: class in /alidata/www/spe/catalog/view/theme/unify/template/common/home.tpl on line 32
2015-12-29 21:52:58 - PHP Notice:  Undefined variable: class in /alidata/www/spe/catalog/view/theme/unify/template/common/home.tpl on line 32
2015-12-29 21:53:04 - PHP Notice:  Undefined variable: class in /alidata/www/spe/catalog/view/theme/unify/template/common/home.tpl on line 32
2015-12-30 3:58:38 - PHP Notice:  Undefined variable: class in /alidata/www/spe/catalog/view/theme/unify/template/common/home.tpl on line 32
2015-12-30 4:07:45 - PHP Notice:  Undefined variable: class in /alidata/www/spe/catalog/view/theme/unify/template/common/home.tpl on line 32
2015-12-30 4:10:42 - PHP Notice:  Undefined variable: class in /alidata/www/spe/catalog/view/theme/unify/template/common/home.tpl on line 32
2015-12-30 9:11:24 - PHP Notice:  Undefined variable: class in /alidata/www/spe/catalog/view/theme/unify/template/common/home.tpl on line 32
2015-12-30 9:11:25 - PHP Notice:  Undefined variable: class in /alidata/www/spe/catalog/view/theme/unify/template/common/home.tpl on line 32
2015-12-30 17:07:43 - PHP Notice:  Undefined variable: class in /alidata/www/spe/catalog/view/theme/unify/template/common/home.tpl on line 32
2015-12-30 19:10:51 - PHP Notice:  Undefined variable: class in /alidata/www/spe/catalog/view/theme/unify/template/common/home.tpl on line 32
2015-12-30 20:17:18 - PHP Notice:  Undefined variable: class in /alidata/www/spe/catalog/view/theme/unify/template/common/home.tpl on line 32
2015-12-30 21:07:20 - PHP Notice:  Undefined variable: class in /alidata/www/spe/catalog/view/theme/unify/template/common/home.tpl on line 32
2015-12-30 23:26:01 - PHP Notice:  Undefined variable: class in /alidata/www/spe/catalog/view/theme/unify/template/common/home.tpl on line 32
2015-12-31 3:35:44 - PHP Notice:  Undefined variable: class in /alidata/www/spe/catalog/view/theme/unify/template/common/home.tpl on line 32
2015-12-31 4:57:35 - PHP Notice:  Undefined variable: class in /alidata/www/spe/catalog/view/theme/unify/template/common/home.tpl on line 32
2015-12-31 5:14:29 - PHP Notice:  Undefined variable: class in /alidata/www/spe/catalog/view/theme/unify/template/common/home.tpl on line 32
2015-12-31 7:35:17 - PHP Notice:  Undefined variable: class in /alidata/www/spe/catalog/view/theme/unify/template/common/home.tpl on line 32
2015-12-31 12:15:02 - PHP Notice:  Undefined variable: class in /alidata/www/spe/catalog/view/theme/unify/template/common/home.tpl on line 32
2015-12-31 12:27:43 - PHP Notice:  Undefined variable: class in /alidata/www/spe/catalog/view/theme/unify/template/common/home.tpl on line 32
2015-12-31 12:27:43 - PHP Notice:  Undefined variable: class in /alidata/www/spe/catalog/view/theme/unify/template/common/home.tpl on line 32
2015-12-31 12:29:09 - PHP Notice:  Undefined variable: class in /alidata/www/spe/catalog/view/theme/unify/template/common/home.tpl on line 32
2015-12-31 12:30:59 - PHP Notice:  Undefined variable: class in /alidata/www/spe/catalog/view/theme/unify/template/common/home.tpl on line 32
2015-12-31 12:35:42 - PHP Notice:  Undefined variable: class in /alidata/www/spe/catalog/view/theme/unify/template/common/home.tpl on line 26
2015-12-31 12:39:41 - PHP Notice:  Undefined variable: class in /alidata/www/spe/catalog/view/theme/unify/template/common/home.tpl on line 32
2015-12-31 12:57:13 - PHP Notice:  Undefined variable: class in /alidata/www/spe/catalog/view/theme/unify/template/common/home.tpl on line 32
2015-12-31 12:59:55 - PHP Notice:  Undefined variable: class in /alidata/www/spe/catalog/view/theme/unify/template/common/home.tpl on line 31
2015-12-31 13:02:30 - PHP Notice:  Undefined variable: class in /alidata/www/spe/catalog/view/theme/unify/template/common/home.tpl on line 31
2015-12-31 13:02:52 - PHP Notice:  Undefined variable: class in /alidata/www/spe/catalog/view/theme/unify/template/common/home.tpl on line 32
2015-12-31 13:04:34 - PHP Notice:  Undefined variable: class in /alidata/www/spe/catalog/view/theme/unify/template/common/home.tpl on line 32
2015-12-31 13:04:46 - PHP Notice:  Undefined variable: class in /alidata/www/spe/catalog/view/theme/unify/template/common/home.tpl on line 32
2015-12-31 13:06:01 - PHP Notice:  Undefined variable: class in /alidata/www/spe/catalog/view/theme/unify/template/common/home.tpl on line 32
2015-12-31 13:06:34 - PHP Notice:  Undefined variable: class in /alidata/www/spe/catalog/view/theme/unify/template/common/home.tpl on line 32
2015-12-31 13:12:51 - PHP Notice:  Undefined variable: contact in /alidata/www/spe/catalog/view/theme/unify/template/common/home.tpl on line 26
2015-12-31 13:12:51 - PHP Notice:  Undefined variable: class in /alidata/www/spe/catalog/view/theme/unify/template/common/home.tpl on line 32
2015-12-31 13:13:03 - PHP Notice:  Undefined variable: contact in /alidata/www/spe/catalog/view/theme/unify/template/common/home.tpl on line 26
2015-12-31 13:13:03 - PHP Notice:  Undefined variable: class in /alidata/www/spe/catalog/view/theme/unify/template/common/home.tpl on line 32
2015-12-31 13:15:55 - PHP Notice:  Undefined variable: class in /alidata/www/spe/catalog/view/theme/unify/template/common/home.tpl on line 32
2015-12-31 13:16:05 - PHP Notice:  Undefined variable: class in /alidata/www/spe/catalog/view/theme/unify/template/common/home.tpl on line 32
2015-12-31 13:16:14 - PHP Notice:  Undefined variable: class in /alidata/www/spe/catalog/view/theme/unify/template/common/home.tpl on line 32
2015-12-31 13:17:14 - PHP Notice:  Undefined variable: class in /alidata/www/spe/catalog/view/theme/unify/template/common/home.tpl on line 32
2015-12-31 13:18:38 - PHP Notice:  Undefined variable: class in /alidata/www/spe/catalog/view/theme/unify/template/common/home.tpl on line 32
2015-12-31 13:35:23 - PHP Notice:  Undefined variable: class in /alidata/www/spe/catalog/view/theme/unify/template/common/home.tpl on line 32
2015-12-31 13:35:28 - PHP Notice:  Undefined variable: map_select in /alidata/www/spe/catalog/view/theme/unify/template/information/contact.tpl on line 30
2015-12-31 13:35:28 - PHP Notice:  Undefined variable: baidu_map in /alidata/www/spe/catalog/view/theme/unify/template/information/contact.tpl on line 33
2015-12-31 13:35:28 - PHP Notice:  Undefined variable: button_baidu_map in /alidata/www/spe/catalog/view/theme/unify/template/information/contact.tpl on line 33
2015-12-31 13:37:40 - PHP Notice:  Undefined variable: map_select in /alidata/www/spe/catalog/view/theme/unify/template/information/contact.tpl on line 30
2015-12-31 13:37:40 - PHP Notice:  Undefined variable: baidu_map in /alidata/www/spe/catalog/view/theme/unify/template/information/contact.tpl on line 33
2015-12-31 13:37:40 - PHP Notice:  Undefined variable: button_baidu_map in /alidata/www/spe/catalog/view/theme/unify/template/information/contact.tpl on line 33
2015-12-31 13:38:16 - PHP Notice:  Undefined variable: map_select in /alidata/www/spe/catalog/view/theme/unify/template/information/contact.tpl on line 30
2015-12-31 13:38:16 - PHP Notice:  Undefined variable: baidu_map in /alidata/www/spe/catalog/view/theme/unify/template/information/contact.tpl on line 33
2015-12-31 13:38:16 - PHP Notice:  Undefined variable: button_baidu_map in /alidata/www/spe/catalog/view/theme/unify/template/information/contact.tpl on line 33
2015-12-31 13:51:54 - PHP Notice:  Undefined variable: map_select in /alidata/www/spe/catalog/view/theme/unify/template/information/contact.tpl on line 30
2015-12-31 13:51:54 - PHP Notice:  Undefined variable: baidu_map in /alidata/www/spe/catalog/view/theme/unify/template/information/contact.tpl on line 33
2015-12-31 13:51:54 - PHP Notice:  Undefined variable: button_baidu_map in /alidata/www/spe/catalog/view/theme/unify/template/information/contact.tpl on line 33
2015-12-31 13:54:10 - PHP Notice:  Undefined variable: map_select in /alidata/www/spe/catalog/view/theme/unify/template/information/contact.tpl on line 30
2015-12-31 13:54:10 - PHP Notice:  Undefined variable: baidu_map in /alidata/www/spe/catalog/view/theme/unify/template/information/contact.tpl on line 33
2015-12-31 13:54:10 - PHP Notice:  Undefined variable: button_baidu_map in /alidata/www/spe/catalog/view/theme/unify/template/information/contact.tpl on line 33
2015-12-31 13:54:13 - PHP Notice:  Undefined variable: map_select in /alidata/www/spe/catalog/view/theme/unify/template/information/contact.tpl on line 30
2015-12-31 13:54:13 - PHP Notice:  Undefined variable: baidu_map in /alidata/www/spe/catalog/view/theme/unify/template/information/contact.tpl on line 33
2015-12-31 13:54:13 - PHP Notice:  Undefined variable: button_baidu_map in /alidata/www/spe/catalog/view/theme/unify/template/information/contact.tpl on line 33
2015-12-31 14:16:00 - PHP Notice:  Undefined variable: class in /alidata/www/spe/catalog/view/theme/unify/template/common/home.tpl on line 32
2015-12-31 14:16:02 - PHP Notice:  Undefined variable: class in /alidata/www/spe/catalog/view/theme/unify/template/common/home.tpl on line 32
2015-12-31 14:18:30 - PHP Notice:  Undefined variable: class in /alidata/www/spe/catalog/view/theme/unify/template/common/home.tpl on line 32
2015-12-31 14:18:40 - PHP Notice:  Undefined variable: class in /alidata/www/spe/catalog/view/theme/unify/template/common/home.tpl on line 32
2015-12-31 14:24:34 - PHP Notice:  Undefined variable: search in /alidata/www/spe/catalog/view/theme/unify/template/common/footer.tpl on line 29
2015-12-31 14:24:34 - PHP Notice:  Undefined variable: text_search in /alidata/www/spe/catalog/view/theme/unify/template/common/footer.tpl on line 29
2015-12-31 14:24:34 - PHP Notice:  Undefined variable: text_search in /alidata/www/spe/catalog/view/theme/unify/template/common/footer.tpl on line 31
2015-12-31 14:24:34 - PHP Notice:  Undefined variable: class in /alidata/www/spe/catalog/view/theme/unify/template/common/home.tpl on line 32
2015-12-31 14:27:13 - PHP Notice:  Undefined variable: class in /alidata/www/spe/catalog/view/theme/unify/template/common/home.tpl on line 32
2015-12-31 14:27:31 - PHP Notice:  Undefined variable: class in /alidata/www/spe/catalog/view/theme/unify/template/common/home.tpl on line 32
2015-12-31 14:27:43 - PHP Notice:  Undefined variable: class in /alidata/www/spe/catalog/view/theme/unify/template/common/home.tpl on line 32
2015-12-31 14:27:59 - PHP Notice:  Undefined variable: class in /alidata/www/spe/catalog/view/theme/unify/template/common/home.tpl on line 32
2015-12-31 14:43:02 - PHP Notice:  Undefined variable: text_search in /alidata/www/spe/catalog/view/theme/unify/template/common/footer.tpl on line 29
2015-12-31 14:43:02 - PHP Notice:  Undefined variable: text_search in /alidata/www/spe/catalog/view/theme/unify/template/common/footer.tpl on line 31
2015-12-31 14:43:02 - PHP Notice:  Undefined variable: class in /alidata/www/spe/catalog/view/theme/unify/template/common/home.tpl on line 32
2015-12-31 14:44:16 - PHP Notice:  Undefined variable: text_search in /alidata/www/spe/catalog/view/theme/unify/template/common/footer.tpl on line 29
2015-12-31 14:44:16 - PHP Notice:  Undefined variable: text_search in /alidata/www/spe/catalog/view/theme/unify/template/common/footer.tpl on line 31
2015-12-31 14:44:16 - PHP Notice:  Undefined variable: class in /alidata/www/spe/catalog/view/theme/unify/template/common/home.tpl on line 32
2015-12-31 14:44:31 - PHP Notice:  Undefined variable: text_search in /alidata/www/spe/catalog/view/theme/unify/template/common/footer.tpl on line 29
2015-12-31 14:44:31 - PHP Notice:  Undefined variable: text_search in /alidata/www/spe/catalog/view/theme/unify/template/common/footer.tpl on line 31
2015-12-31 14:44:34 - PHP Notice:  Undefined variable: text_search in /alidata/www/spe/catalog/view/theme/unify/template/common/footer.tpl on line 29
2015-12-31 14:44:34 - PHP Notice:  Undefined variable: text_search in /alidata/www/spe/catalog/view/theme/unify/template/common/footer.tpl on line 31
2015-12-31 14:44:34 - PHP Notice:  Undefined variable: class in /alidata/www/spe/catalog/view/theme/unify/template/common/home.tpl on line 32
2015-12-31 14:48:37 - PHP Notice:  Undefined variable: text_search in /alidata/www/spe/catalog/view/theme/unify/template/common/footer.tpl on line 29
2015-12-31 14:48:37 - PHP Notice:  Undefined variable: text_search in /alidata/www/spe/catalog/view/theme/unify/template/common/footer.tpl on line 29
2015-12-31 14:48:37 - PHP Notice:  Undefined variable: text_search in /alidata/www/spe/catalog/view/theme/unify/template/common/footer.tpl on line 31
2015-12-31 14:48:37 - PHP Notice:  Undefined variable: class in /alidata/www/spe/catalog/view/theme/unify/template/common/home.tpl on line 32
2015-12-31 14:48:51 - PHP Notice:  Undefined variable: text_search in /alidata/www/spe/catalog/view/theme/unify/template/common/footer.tpl on line 29
2015-12-31 14:48:51 - PHP Notice:  Undefined variable: text_search in /alidata/www/spe/catalog/view/theme/unify/template/common/footer.tpl on line 29
2015-12-31 14:48:51 - PHP Notice:  Undefined variable: text_search in /alidata/www/spe/catalog/view/theme/unify/template/common/footer.tpl on line 31
2015-12-31 14:48:56 - PHP Notice:  Undefined variable: text_search in /alidata/www/spe/catalog/view/theme/unify/template/common/footer.tpl on line 29
2015-12-31 14:48:56 - PHP Notice:  Undefined variable: text_search in /alidata/www/spe/catalog/view/theme/unify/template/common/footer.tpl on line 29
2015-12-31 14:48:56 - PHP Notice:  Undefined variable: text_search in /alidata/www/spe/catalog/view/theme/unify/template/common/footer.tpl on line 31
2015-12-31 14:48:56 - PHP Notice:  Undefined variable: class in /alidata/www/spe/catalog/view/theme/unify/template/common/home.tpl on line 32
2015-12-31 15:08:02 - PHP Notice:  Undefined variable: text_contactus in /alidata/www/spe/catalog/view/theme/unify/template/common/footer.tpl on line 20
2015-12-31 15:08:02 - PHP Notice:  Undefined variable: text_contactus in /alidata/www/spe/catalog/view/theme/unify/template/common/footer.tpl on line 40
2015-12-31 15:08:02 - PHP Notice:  Undefined variable: text_address in /alidata/www/spe/catalog/view/theme/unify/template/common/footer.tpl on line 42
2015-12-31 15:08:02 - PHP Notice:  Undefined variable: class in /alidata/www/spe/catalog/view/theme/unify/template/common/home.tpl on line 32
2015-12-31 15:09:10 - PHP Notice:  Undefined variable: text_address in /alidata/www/spe/catalog/view/theme/unify/template/common/footer.tpl on line 42
2015-12-31 15:09:10 - PHP Notice:  Undefined variable: class in /alidata/www/spe/catalog/view/theme/unify/template/common/home.tpl on line 32
2015-12-31 15:09:32 - PHP Notice:  Undefined variable: text_address in /alidata/www/spe/catalog/view/theme/unify/template/common/footer.tpl on line 42
2015-12-31 15:09:32 - PHP Notice:  Undefined variable: class in /alidata/www/spe/catalog/view/theme/unify/template/common/home.tpl on line 32
2015-12-31 15:14:50 - PHP Notice:  Undefined variable: text_address in /alidata/www/spe/catalog/view/theme/unify/template/common/footer.tpl on line 42
2015-12-31 15:14:50 - PHP Notice:  Undefined variable: class in /alidata/www/spe/catalog/view/theme/unify/template/common/home.tpl on line 32
2015-12-31 15:15:42 - PHP Notice:  Undefined variable: text_address in /alidata/www/spe/catalog/view/theme/unify/template/common/footer.tpl on line 42
2015-12-31 15:15:44 - PHP Notice:  Undefined variable: text_address in /alidata/www/spe/catalog/view/theme/unify/template/common/footer.tpl on line 42
2015-12-31 15:15:44 - PHP Notice:  Undefined variable: class in /alidata/www/spe/catalog/view/theme/unify/template/common/home.tpl on line 32
2015-12-31 15:15:51 - PHP Notice:  Undefined variable: text_address in /alidata/www/spe/catalog/view/theme/unify/template/common/footer.tpl on line 42
2015-12-31 15:15:54 - PHP Notice:  Undefined variable: text_address in /alidata/www/spe/catalog/view/theme/unify/template/common/footer.tpl on line 42
2015-12-31 15:15:54 - PHP Notice:  Undefined variable: class in /alidata/www/spe/catalog/view/theme/unify/template/common/home.tpl on line 32
2015-12-31 15:15:57 - PHP Notice:  Undefined variable: text_address in /alidata/www/spe/catalog/view/theme/unify/template/common/footer.tpl on line 42
2015-12-31 15:16:00 - PHP Notice:  Undefined variable: text_address in /alidata/www/spe/catalog/view/theme/unify/template/common/footer.tpl on line 42
2015-12-31 15:16:00 - PHP Notice:  Undefined variable: class in /alidata/www/spe/catalog/view/theme/unify/template/common/home.tpl on line 32
2015-12-31 15:16:01 - PHP Notice:  Undefined variable: text_address in /alidata/www/spe/catalog/view/theme/unify/template/common/footer.tpl on line 42
2015-12-31 15:16:01 - PHP Notice:  Undefined variable: class in /alidata/www/spe/catalog/view/theme/unify/template/common/home.tpl on line 32
2015-12-31 15:16:05 - PHP Notice:  Undefined variable: text_address in /alidata/www/spe/catalog/view/theme/unify/template/common/footer.tpl on line 42
2015-12-31 15:16:06 - PHP Notice:  Undefined variable: text_address in /alidata/www/spe/catalog/view/theme/unify/template/common/footer.tpl on line 42
2015-12-31 15:16:06 - PHP Notice:  Undefined variable: class in /alidata/www/spe/catalog/view/theme/unify/template/common/home.tpl on line 32
2015-12-31 15:16:12 - PHP Notice:  Undefined variable: text_address in /alidata/www/spe/catalog/view/theme/unify/template/common/footer.tpl on line 42
2015-12-31 15:16:17 - PHP Notice:  Undefined variable: text_address in /alidata/www/spe/catalog/view/theme/unify/template/common/footer.tpl on line 42
2015-12-31 15:16:17 - PHP Notice:  Undefined variable: class in /alidata/www/spe/catalog/view/theme/unify/template/common/home.tpl on line 32
2015-12-31 15:17:24 - PHP Notice:  Undefined variable: class in /alidata/www/spe/catalog/view/theme/unify/template/common/home.tpl on line 32
2015-12-31 15:17:41 - PHP Notice:  Undefined variable: class in /alidata/www/spe/catalog/view/theme/unify/template/common/home.tpl on line 32
2015-12-31 15:21:01 - PHP Notice:  Undefined variable: class in /alidata/www/spe/catalog/view/theme/unify/template/common/home.tpl on line 32
2015-12-31 15:37:54 - PHP Notice:  Undefined variable: class in /alidata/www/spe/catalog/view/theme/unify/template/common/home.tpl on line 32
2015-12-31 15:41:39 - PHP Notice:  Undefined variable: class in /alidata/www/spe/catalog/view/theme/unify/template/common/home.tpl on line 32
2015-12-31 15:42:39 - PHP Notice:  Undefined variable: class in /alidata/www/spe/catalog/view/theme/unify/template/common/home.tpl on line 32
2015-12-31 15:42:46 - PHP Notice:  Undefined variable: class in /alidata/www/spe/catalog/view/theme/unify/template/common/home.tpl on line 32
2015-12-31 16:11:26 - PHP Notice:  Undefined variable: class in /alidata/www/spe/catalog/view/theme/unify/template/common/home.tpl on line 32
2015-12-31 16:11:36 - PHP Notice:  Undefined variable: class in /alidata/www/spe/catalog/view/theme/unify/template/common/home.tpl on line 32
2015-12-31 16:26:40 - PHP Notice:  Undefined variable: class in /alidata/www/spe/catalog/view/theme/unify/template/common/home.tpl on line 32
2015-12-31 16:43:29 - PHP Notice:  Undefined variable: class in /alidata/www/spe/catalog/view/theme/unify/template/common/home.tpl on line 32
2015-12-31 16:46:48 - PHP Notice:  Undefined variable: class in /alidata/www/spe/catalog/view/theme/unify/template/common/home.tpl on line 32
2015-12-31 17:04:20 - PHP Notice:  Undefined variable: class in /alidata/www/spe/catalog/view/theme/unify/template/common/home.tpl on line 32
2015-12-31 18:40:48 - PHP Notice:  Undefined variable: class in /alidata/www/spe/catalog/view/theme/unify/template/common/home.tpl on line 32
2015-12-31 20:23:43 - PHP Notice:  Undefined variable: class in /alidata/www/spe/catalog/view/theme/unify/template/common/home.tpl on line 32
2016-01-01 0:25:10 - PHP Notice:  Undefined variable: class in /alidata/www/spe/catalog/view/theme/unify/template/common/home.tpl on line 32
2016-01-01 4:29:34 - PHP Notice:  Undefined variable: class in /alidata/www/spe/catalog/view/theme/unify/template/common/home.tpl on line 32
2016-01-01 4:40:51 - PHP Notice:  Undefined variable: class in /alidata/www/spe/catalog/view/theme/unify/template/common/home.tpl on line 32
2016-01-01 13:37:39 - PHP Notice:  Undefined variable: class in /alidata/www/spe/catalog/view/theme/unify/template/common/home.tpl on line 32
2016-01-01 13:37:39 - PHP Notice:  Undefined variable: class in /alidata/www/spe/catalog/view/theme/unify/template/common/home.tpl on line 32
2016-01-01 13:44:18 - PHP Notice:  Undefined variable: class in /alidata/www/spe/catalog/view/theme/unify/template/common/home.tpl on line 32
2016-01-01 13:46:11 - PHP Notice:  Undefined variable: class in /alidata/www/spe/catalog/view/theme/unify/template/common/home.tpl on line 32
2016-01-01 13:46:19 - PHP Notice:  Undefined variable: class in /alidata/www/spe/catalog/view/theme/unify/template/common/home.tpl on line 32
2016-01-01 13:48:42 - PHP Notice:  Undefined variable: class in /alidata/www/spe/catalog/view/theme/unify/template/common/home.tpl on line 32
2016-01-01 14:00:31 - PHP Notice:  Undefined variable: class in /alidata/www/spe/catalog/view/theme/unify/template/common/home.tpl on line 32
2016-01-01 14:03:17 - PHP Notice:  Undefined variable: class in /alidata/www/spe/catalog/view/theme/unify/template/common/home.tpl on line 32
2016-01-01 14:04:25 - PHP Notice:  Undefined variable: class in /alidata/www/spe/catalog/view/theme/unify/template/common/home.tpl on line 32
2016-01-01 14:07:54 - PHP Notice:  Undefined variable: class in /alidata/www/spe/catalog/view/theme/unify/template/common/home.tpl on line 32
2016-01-01 14:34:22 - PHP Notice:  Undefined variable: map_select in /alidata/www/spe/catalog/view/theme/unify/template/information/contact.tpl on line 30
2016-01-01 14:34:22 - PHP Notice:  Undefined variable: baidu_map in /alidata/www/spe/catalog/view/theme/unify/template/information/contact.tpl on line 33
2016-01-01 14:34:22 - PHP Notice:  Undefined variable: button_baidu_map in /alidata/www/spe/catalog/view/theme/unify/template/information/contact.tpl on line 33
2016-01-01 15:03:42 - PHP Notice:  Undefined variable: map_select in /alidata/www/spe/catalog/view/theme/unify/template/information/contact.tpl on line 30
2016-01-01 15:03:42 - PHP Notice:  Undefined variable: baidu_map in /alidata/www/spe/catalog/view/theme/unify/template/information/contact.tpl on line 33
2016-01-01 15:03:42 - PHP Notice:  Undefined variable: button_baidu_map in /alidata/www/spe/catalog/view/theme/unify/template/information/contact.tpl on line 33
2016-01-01 15:04:01 - PHP Notice:  Undefined index: config_error_filename in /alidata/www/spe/admin/controller/setting/setting.php on line 1463
2016-01-01 15:04:01 - PHP Notice:  Undefined index: config_encryption in /alidata/www/spe/admin/controller/setting/setting.php on line 1483
2016-01-01 15:08:59 - PHP Notice:  Undefined variable: class in /alidata/www/spe/catalog/view/theme/unify/template/common/home.tpl on line 32
2016-01-01 15:19:32 - PHP Notice:  Undefined variable: class in /alidata/www/spe/catalog/view/theme/unify/template/common/home.tpl on line 32
2016-01-01 15:19:32 - PHP Notice:  Undefined variable: class in /alidata/www/spe/catalog/view/theme/unify/template/common/home.tpl on line 32
2016-01-01 15:19:49 - PHP Notice:  Undefined variable: class in /alidata/www/spe/catalog/view/theme/unify/template/common/home.tpl on line 32
2016-01-01 15:19:49 - PHP Notice:  Undefined variable: class in /alidata/www/spe/catalog/view/theme/unify/template/common/home.tpl on line 32
2016-01-01 15:23:42 - PHP Notice:  Undefined variable: class in /alidata/www/spe/catalog/view/theme/unify/template/common/home.tpl on line 32
2016-01-01 15:32:00 - PHP Notice:  Undefined variable: class in /alidata/www/spe/catalog/view/theme/unify/template/common/home.tpl on line 32
2016-01-01 15:58:51 - PHP Notice:  Undefined variable: class in /alidata/www/spe/catalog/view/theme/unify/template/common/home.tpl on line 32
2016-01-01 16:32:49 - PHP Notice:  Undefined variable: class in /alidata/www/spe/catalog/view/theme/unify/template/common/home.tpl on line 32
2016-01-01 18:23:09 - PHP Notice:  Undefined variable: class in /alidata/www/spe/catalog/view/theme/unify/template/common/home.tpl on line 32
2016-01-01 18:24:16 - PHP Notice:  Undefined variable: class in /alidata/www/spe/catalog/view/theme/unify/template/common/home.tpl on line 32
2016-01-01 18:24:20 - PHP Notice:  Undefined variable: class in /alidata/www/spe/catalog/view/theme/unify/template/common/home.tpl on line 32
2016-01-01 18:57:40 - PHP Notice:  Undefined variable: class in /alidata/www/spe/catalog/view/theme/unify/template/common/home.tpl on line 32
2016-01-01 23:29:24 - PHP Notice:  Undefined variable: class in /alidata/www/spe/catalog/view/theme/unify/template/common/home.tpl on line 32
2016-01-02 4:03:15 - PHP Notice:  Undefined variable: class in /alidata/www/spe/catalog/view/theme/unify/template/common/home.tpl on line 32
2016-01-02 4:04:24 - PHP Notice:  Undefined variable: class in /alidata/www/spe/catalog/view/theme/unify/template/common/home.tpl on line 32
2016-01-02 4:22:57 - PHP Notice:  Undefined variable: class in /alidata/www/spe/catalog/view/theme/unify/template/common/home.tpl on line 32
2016-01-02 4:41:29 - PHP Notice:  Undefined variable: class in /alidata/www/spe/catalog/view/theme/unify/template/common/home.tpl on line 32
2016-01-02 4:49:19 - PHP Notice:  Undefined variable: class in /alidata/www/spe/catalog/view/theme/unify/template/common/home.tpl on line 32
2016-01-02 5:40:19 - PHP Notice:  Undefined variable: class in /alidata/www/spe/catalog/view/theme/unify/template/common/home.tpl on line 32
2016-01-02 12:37:04 - PHP Notice:  Undefined variable: class in /alidata/www/spe/catalog/view/theme/unify/template/common/home.tpl on line 32
2016-01-02 13:00:23 - PHP Notice:  Undefined variable: class in /alidata/www/spe/catalog/view/theme/unify/template/common/home.tpl on line 32
2016-01-02 13:57:41 - PHP Notice:  Undefined variable: class in /alidata/www/spe/catalog/view/theme/unify/template/common/home.tpl on line 32
2016-01-02 19:59:17 - PHP Notice:  Undefined variable: class in /alidata/www/spe/catalog/view/theme/unify/template/common/home.tpl on line 32
2016-01-02 20:02:05 - PHP Notice:  Undefined variable: class in /alidata/www/spe/catalog/view/theme/unify/template/common/home.tpl on line 32
2016-01-02 20:07:53 - PHP Notice:  Undefined variable: class in /alidata/www/spe/catalog/view/theme/unify/template/common/home.tpl on line 32
2016-01-02 20:33:55 - PHP Notice:  Undefined variable: class in /alidata/www/spe/catalog/view/theme/unify/template/common/home.tpl on line 32
2016-01-02 20:42:02 - PHP Notice:  Undefined variable: class in /alidata/www/spe/catalog/view/theme/unify/template/common/home.tpl on line 32
2016-01-02 20:42:02 - PHP Notice:  Undefined variable: class in /alidata/www/spe/catalog/view/theme/unify/template/common/home.tpl on line 32
2016-01-02 20:52:25 - PHP Notice:  Undefined variable: class in /alidata/www/spe/catalog/view/theme/unify/template/common/home.tpl on line 32
2016-01-03 9:16:59 - PHP Notice:  Undefined variable: class in /alidata/www/spe/catalog/view/theme/unify/template/common/home.tpl on line 32
2016-01-03 9:35:27 - PHP Notice:  Undefined variable: class in /alidata/www/spe/catalog/view/theme/unify/template/common/home.tpl on line 32
2016-01-03 9:36:00 - PHP Notice:  Undefined variable: class in /alidata/www/spe/catalog/view/theme/unify/template/common/home.tpl on line 32
2016-01-03 9:46:22 - PHP Notice:  Undefined variable: class in /alidata/www/spe/catalog/view/theme/unify/template/common/home.tpl on line 32
2016-01-03 23:29:41 - PHP Notice:  Undefined variable: class in /alidata/www/spe/catalog/view/theme/unify/template/common/home.tpl on line 32
2016-01-04 2:43:26 - PHP Notice:  Undefined variable: class in /alidata/www/spe/catalog/view/theme/unify/template/common/home.tpl on line 32
2016-01-04 4:52:39 - PHP Notice:  Undefined variable: class in /alidata/www/spe/catalog/view/theme/unify/template/common/home.tpl on line 32
2016-01-04 4:59:50 - PHP Notice:  Undefined variable: class in /alidata/www/spe/catalog/view/theme/unify/template/common/home.tpl on line 32
2016-01-04 9:30:20 - PHP Notice:  Undefined variable: class in /alidata/www/spe/catalog/view/theme/unify/template/common/home.tpl on line 32
2016-01-04 11:30:40 - PHP Notice:  Undefined variable: class in /alidata/www/spe/catalog/view/theme/unify/template/common/home.tpl on line 32
2016-01-04 11:33:35 - PHP Notice:  Undefined variable: class in /alidata/www/spe/catalog/view/theme/unify/template/common/home.tpl on line 32
2016-01-04 11:33:53 - PHP Notice:  Undefined variable: class in /alidata/www/spe/catalog/view/theme/unify/template/common/home.tpl on line 32
2016-01-04 13:54:58 - PHP Notice:  Undefined variable: class in /alidata/www/spe/catalog/view/theme/unify/template/common/home.tpl on line 32
2016-01-04 14:35:23 - PHP Notice:  Undefined variable: class in /alidata/www/spe/catalog/view/theme/unify/template/common/home.tpl on line 32
2016-01-04 17:25:16 - PHP Notice:  Undefined variable: class in /alidata/www/spe/catalog/view/theme/unify/template/common/home.tpl on line 32
2016-01-04 22:48:18 - PHP Notice:  Undefined variable: class in /alidata/www/spe/catalog/view/theme/unify/template/common/home.tpl on line 32
2016-01-05 9:38:44 - PHP Notice:  Undefined variable: class in /alidata/www/spe/catalog/view/theme/unify/template/common/home.tpl on line 32
2016-01-05 12:16:24 - PHP Notice:  Undefined variable: class in /alidata/www/spe/catalog/view/theme/unify/template/common/home.tpl on line 32
2016-01-05 12:16:24 - PHP Notice:  Undefined variable: class in /alidata/www/spe/catalog/view/theme/unify/template/common/home.tpl on line 32
2016-01-05 18:45:43 - PHP Notice:  Undefined variable: class in /alidata/www/spe/catalog/view/theme/unify/template/common/home.tpl on line 32
2016-01-05 20:34:30 - PHP Notice:  Undefined variable: class in /alidata/www/spe/catalog/view/theme/unify/template/common/home.tpl on line 32
2016-01-06 4:40:27 - PHP Notice:  Undefined variable: class in /alidata/www/spe/catalog/view/theme/unify/template/common/home.tpl on line 32
2016-01-06 6:01:08 - PHP Notice:  Undefined variable: class in /alidata/www/spe/catalog/view/theme/unify/template/common/home.tpl on line 32
2016-01-06 10:21:56 - PHP Notice:  Undefined variable: class in /alidata/www/spe/catalog/view/theme/unify/template/common/home.tpl on line 32
2016-01-06 14:29:24 - PHP Notice:  Undefined variable: class in /alidata/www/spe/catalog/view/theme/unify/template/common/home.tpl on line 32
2016-01-06 14:29:42 - PHP Notice:  Undefined variable: class in /alidata/www/spe/catalog/view/theme/unify/template/common/home.tpl on line 32
2016-01-06 14:30:04 - PHP Notice:  Undefined variable: class in /alidata/www/spe/catalog/view/theme/unify/template/common/home.tpl on line 32
2016-01-06 18:53:13 - PHP Notice:  Undefined variable: class in /alidata/www/spe/catalog/view/theme/unify/template/common/home.tpl on line 32
2016-01-06 19:05:48 - PHP Notice:  Undefined variable: class in /alidata/www/spe/catalog/view/theme/unify/template/common/home.tpl on line 32
2016-01-06 20:05:42 - PHP Notice:  Undefined variable: class in /alidata/www/spe/catalog/view/theme/unify/template/common/home.tpl on line 32
2016-01-06 20:40:32 - PHP Notice:  Undefined variable: class in /alidata/www/spe/catalog/view/theme/unify/template/common/home.tpl on line 32
2016-01-06 22:08:22 - PHP Notice:  Undefined variable: class in /alidata/www/spe/catalog/view/theme/unify/template/common/home.tpl on line 32
2016-01-07 2:53:34 - PHP Notice:  Undefined variable: class in /alidata/www/spe/catalog/view/theme/unify/template/common/home.tpl on line 32
2016-01-07 3:34:27 - PHP Notice:  Undefined variable: class in /alidata/www/spe/catalog/view/theme/unify/template/common/home.tpl on line 32
2016-01-07 3:34:27 - PHP Notice:  Undefined variable: class in /alidata/www/spe/catalog/view/theme/unify/template/common/home.tpl on line 32
2016-01-07 3:34:40 - PHP Notice:  Undefined variable: class in /alidata/www/spe/catalog/view/theme/unify/template/common/home.tpl on line 32
2016-01-07 3:34:43 - PHP Notice:  Undefined variable: class in /alidata/www/spe/catalog/view/theme/unify/template/common/home.tpl on line 32
2016-01-07 7:41:55 - PHP Notice:  Undefined variable: class in /alidata/www/spe/catalog/view/theme/unify/template/common/home.tpl on line 32
2016-01-07 10:03:37 - PHP Notice:  Undefined variable: class in /alidata/www/spe/catalog/view/theme/unify/template/common/home.tpl on line 32
2016-01-07 10:29:11 - PHP Notice:  Undefined variable: class in /alidata/www/spe/catalog/view/theme/unify/template/common/home.tpl on line 32
2016-01-07 10:55:47 - PHP Notice:  Undefined variable: class in /alidata/www/spe/catalog/view/theme/unify/template/common/home.tpl on line 32
2016-01-07 12:28:04 - PHP Notice:  Undefined variable: class in /alidata/www/spe/catalog/view/theme/unify/template/common/home.tpl on line 32
2016-01-07 21:44:49 - PHP Notice:  Undefined variable: class in /alidata/www/spe/catalog/view/theme/unify/template/common/home.tpl on line 32
2016-01-07 21:45:15 - PHP Notice:  Undefined variable: class in /alidata/www/spe/catalog/view/theme/unify/template/common/home.tpl on line 32
2016-01-07 23:42:45 - PHP Notice:  Undefined variable: class in /alidata/www/spe/catalog/view/theme/unify/template/common/home.tpl on line 32
2016-01-07 23:50:02 - PHP Notice:  Undefined variable: class in /alidata/www/spe/catalog/view/theme/unify/template/common/home.tpl on line 32
2016-01-08 0:10:30 - PHP Notice:  Undefined variable: class in /alidata/www/spe/catalog/view/theme/unify/template/common/home.tpl on line 32
2016-01-08 0:38:42 - PHP Notice:  Undefined variable: class in /alidata/www/spe/catalog/view/theme/unify/template/common/home.tpl on line 32
2016-01-08 4:23:31 - PHP Notice:  Undefined variable: class in /alidata/www/spe/catalog/view/theme/unify/template/common/home.tpl on line 32
2016-01-08 4:37:43 - PHP Notice:  Undefined variable: class in /alidata/www/spe/catalog/view/theme/unify/template/common/home.tpl on line 32
2016-01-08 5:53:15 - PHP Notice:  Undefined variable: class in /alidata/www/spe/catalog/view/theme/unify/template/common/home.tpl on line 32
2016-01-08 5:53:15 - PHP Notice:  Undefined variable: class in /alidata/www/spe/catalog/view/theme/unify/template/common/home.tpl on line 32
2016-01-08 10:33:30 - PHP Notice:  Undefined variable: class in /alidata/www/spe/catalog/view/theme/unify/template/common/home.tpl on line 32
2016-01-08 11:15:12 - PHP Notice:  Undefined variable: class in /alidata/www/spe/catalog/view/theme/unify/template/common/home.tpl on line 32
2016-01-08 12:03:33 - PHP Notice:  Undefined variable: class in /alidata/www/spe/catalog/view/theme/unify/template/common/home.tpl on line 32
2016-01-08 12:42:10 - PHP Notice:  Undefined variable: class in /alidata/www/spe/catalog/view/theme/unify/template/common/home.tpl on line 32
2016-01-08 15:36:24 - PHP Notice:  Undefined variable: class in /alidata/www/spe/catalog/view/theme/unify/template/common/home.tpl on line 32
2016-01-08 16:25:14 - PHP Notice:  Undefined variable: class in /alidata/www/spe/catalog/view/theme/unify/template/common/home.tpl on line 32
2016-01-08 17:15:25 - PHP Notice:  Undefined variable: class in /alidata/www/spe/catalog/view/theme/unify/template/common/home.tpl on line 32
2016-01-08 19:00:08 - PHP Notice:  Undefined variable: class in /alidata/www/spe/catalog/view/theme/unify/template/common/home.tpl on line 32
2016-01-08 19:00:08 - PHP Notice:  Undefined variable: class in /alidata/www/spe/catalog/view/theme/unify/template/common/home.tpl on line 32
